{"contracts\\SimpleSwap.sol":{"l":{"21":13,"22":13,"23":13,"27":7,"28":7,"41":3,"42":3,"44":3,"45":3,"47":3,"48":3,"50":3,"51":3,"53":0,"59":3,"60":3,"61":3,"63":0,"64":0,"67":3,"68":3,"70":3,"83":1,"85":1,"86":1,"87":1,"88":1,"90":1,"91":1,"93":1,"94":1,"96":1,"98":1,"99":1,"100":1,"101":1,"103":1,"104":1,"105":1,"107":0,"108":0,"111":1,"123":1,"124":1,"125":1,"127":1,"128":1,"130":1,"136":1,"138":1,"139":1,"141":1,"142":1,"143":1,"145":0,"146":0,"149":1,"151":1,"152":1,"153":1,"155":1,"161":1,"162":1,"163":1,"164":1,"166":1,"167":1,"169":0,"174":1,"175":1,"177":1,"178":1,"179":1,"180":1},"path":"C:\\Users\\anderson\\simple-swap-project\\contracts\\SimpleSwap.sol","s":{"1":13,"2":13,"3":7,"4":7,"5":3,"6":3,"7":3,"8":3,"9":3,"10":3,"11":3,"12":3,"13":3,"14":1,"15":1,"16":1,"17":1,"18":1,"19":1,"20":1,"21":1,"22":1,"23":1,"24":1,"25":0,"26":0,"27":1,"28":1,"29":1,"30":1,"31":1,"32":1,"33":1,"34":1,"35":1,"36":1,"37":1,"38":1,"39":1,"40":1,"41":1,"42":1,"43":1,"44":1,"45":1,"46":1,"47":1,"48":1,"49":1},"b":{"1":[13,0],"2":[13,0],"3":[13,0],"4":[3,0],"5":[3,0],"6":[3,0],"7":[3,0],"8":[3,0],"9":[1,0],"10":[1,0],"11":[1,0],"12":[1,0],"13":[1,0],"14":[1,0],"15":[1,0],"16":[1,0],"17":[1,0],"18":[1,0],"19":[1,0],"20":[1,0],"21":[1,0],"22":[1,0],"23":[1,0]},"f":{"1":13,"2":7,"3":3,"4":1,"5":1,"6":1,"7":1},"fnMap":{"1":{"name":"sortTokens","line":20,"loc":{"start":{"line":20,"column":4},"end":{"line":24,"column":4}}},"2":{"name":"getPoolId","line":26,"loc":{"start":{"line":26,"column":4},"end":{"line":29,"column":4}}},"3":{"name":"addLiquidity","line":40,"loc":{"start":{"line":31,"column":4},"end":{"line":71,"column":0}}},"4":{"name":"removeLiquidity","line":82,"loc":{"start":{"line":74,"column":4},"end":{"line":112,"column":4}}},"5":{"name":"swapExactTokensForTokens","line":122,"loc":{"start":{"line":116,"column":4},"end":{"line":156,"column":0}}},"6":{"name":"getPrice","line":160,"loc":{"start":{"line":160,"column":4},"end":{"line":171,"column":4}}},"7":{"name":"getAmountOut","line":173,"loc":{"start":{"line":173,"column":4},"end":{"line":181,"column":4}}}},"statementMap":{"1":{"start":{"line":21,"column":8},"end":{"line":21,"column":55}},"2":{"start":{"line":23,"column":8},"end":{"line":23,"column":52}},"3":{"start":{"line":27,"column":8},"end":{"line":27,"column":69}},"4":{"start":{"line":28,"column":8},"end":{"line":28,"column":58}},"5":{"start":{"line":41,"column":4},"end":{"line":41,"column":58}},"6":{"start":{"line":42,"column":4},"end":{"line":42,"column":93}},"7":{"start":{"line":44,"column":4},"end":{"line":44,"column":51}},"8":{"start":{"line":45,"column":4},"end":{"line":45,"column":56}},"9":{"start":{"line":47,"column":4},"end":{"line":47,"column":73}},"10":{"start":{"line":48,"column":4},"end":{"line":48,"column":73}},"11":{"start":{"line":50,"column":4},"end":{"line":50,"column":1817}},"12":{"start":{"line":59,"column":4},"end":{"line":59,"column":2196}},"13":{"start":{"line":70,"column":4},"end":{"line":70,"column":54}},"14":{"start":{"line":83,"column":8},"end":{"line":83,"column":62}},"15":{"start":{"line":85,"column":8},"end":{"line":85,"column":69}},"16":{"start":{"line":86,"column":8},"end":{"line":86,"column":50}},"17":{"start":{"line":87,"column":8},"end":{"line":87,"column":41}},"18":{"start":{"line":88,"column":8},"end":{"line":88,"column":86}},"19":{"start":{"line":90,"column":8},"end":{"line":90,"column":37}},"20":{"start":{"line":91,"column":8},"end":{"line":91,"column":37}},"21":{"start":{"line":96,"column":8},"end":{"line":96,"column":83}},"22":{"start":{"line":103,"column":8},"end":{"line":103,"column":3648}},"23":{"start":{"line":104,"column":12},"end":{"line":104,"column":47}},"24":{"start":{"line":105,"column":12},"end":{"line":105,"column":47}},"25":{"start":{"line":107,"column":12},"end":{"line":107,"column":47}},"26":{"start":{"line":108,"column":12},"end":{"line":108,"column":47}},"27":{"start":{"line":111,"column":8},"end":{"line":111,"column":33}},"28":{"start":{"line":123,"column":4},"end":{"line":123,"column":62}},"29":{"start":{"line":124,"column":4},"end":{"line":124,"column":50}},"30":{"start":{"line":125,"column":4},"end":{"line":125,"column":45}},"31":{"start":{"line":127,"column":4},"end":{"line":127,"column":67}},"32":{"start":{"line":128,"column":4},"end":{"line":128,"column":56}},"33":{"start":{"line":130,"column":4},"end":{"line":130,"column":4580}},"34":{"start":{"line":136,"column":4},"end":{"line":136,"column":58}},"35":{"start":{"line":138,"column":4},"end":{"line":138,"column":68}},"36":{"start":{"line":139,"column":4},"end":{"line":139,"column":42}},"37":{"start":{"line":141,"column":4},"end":{"line":141,"column":4947}},"38":{"start":{"line":149,"column":4},"end":{"line":149,"column":72}},"39":{"start":{"line":155,"column":4},"end":{"line":155,"column":18}},"40":{"start":{"line":161,"column":8},"end":{"line":161,"column":69}},"41":{"start":{"line":162,"column":8},"end":{"line":162,"column":50}},"42":{"start":{"line":163,"column":8},"end":{"line":163,"column":41}},"43":{"start":{"line":164,"column":8},"end":{"line":164,"column":68}},"44":{"start":{"line":166,"column":8},"end":{"line":166,"column":5690}},"45":{"start":{"line":174,"column":8},"end":{"line":174,"column":45}},"46":{"start":{"line":175,"column":8},"end":{"line":175,"column":67}},"47":{"start":{"line":177,"column":8},"end":{"line":177,"column":45}},"48":{"start":{"line":178,"column":8},"end":{"line":178,"column":53}},"49":{"start":{"line":179,"column":8},"end":{"line":179,"column":61}}},"branchMap":{"1":{"line":21,"type":"if","locations":[{"start":{"line":21,"column":8},"end":{"line":21,"column":8}},{"start":{"line":21,"column":8},"end":{"line":21,"column":8}}]},"2":{"line":22,"type":"if","locations":[{"start":{"line":22,"column":45},"end":{"line":22,"column":60}},{"start":{"line":22,"column":64},"end":{"line":22,"column":79}}]},"3":{"line":23,"type":"if","locations":[{"start":{"line":23,"column":8},"end":{"line":23,"column":8}},{"start":{"line":23,"column":8},"end":{"line":23,"column":8}}]},"4":{"line":40,"type":"if","locations":[{"start":{"line":40,"column":11},"end":{"line":40,"column":11}},{"start":{"line":40,"column":11},"end":{"line":40,"column":11}}]},"5":{"line":41,"type":"if","locations":[{"start":{"line":41,"column":4},"end":{"line":41,"column":4}},{"start":{"line":41,"column":4},"end":{"line":41,"column":4}}]},"6":{"line":42,"type":"if","locations":[{"start":{"line":42,"column":4},"end":{"line":42,"column":4}},{"start":{"line":42,"column":4},"end":{"line":42,"column":4}}]},"7":{"line":50,"type":"if","locations":[{"start":{"line":50,"column":4},"end":{"line":50,"column":4}},{"start":{"line":50,"column":4},"end":{"line":50,"column":4}}]},"8":{"line":59,"type":"if","locations":[{"start":{"line":59,"column":4},"end":{"line":59,"column":4}},{"start":{"line":59,"column":4},"end":{"line":59,"column":4}}]},"9":{"line":82,"type":"if","locations":[{"start":{"line":82,"column":15},"end":{"line":82,"column":15}},{"start":{"line":82,"column":15},"end":{"line":82,"column":15}}]},"10":{"line":83,"type":"if","locations":[{"start":{"line":83,"column":8},"end":{"line":83,"column":8}},{"start":{"line":83,"column":8},"end":{"line":83,"column":8}}]},"11":{"line":88,"type":"if","locations":[{"start":{"line":88,"column":8},"end":{"line":88,"column":8}},{"start":{"line":88,"column":8},"end":{"line":88,"column":8}}]},"12":{"line":96,"type":"if","locations":[{"start":{"line":96,"column":8},"end":{"line":96,"column":8}},{"start":{"line":96,"column":8},"end":{"line":96,"column":8}}]},"13":{"line":103,"type":"if","locations":[{"start":{"line":103,"column":8},"end":{"line":103,"column":8}},{"start":{"line":103,"column":8},"end":{"line":103,"column":8}}]},"14":{"line":122,"type":"if","locations":[{"start":{"line":122,"column":11},"end":{"line":122,"column":11}},{"start":{"line":122,"column":11},"end":{"line":122,"column":11}}]},"15":{"line":123,"type":"if","locations":[{"start":{"line":123,"column":4},"end":{"line":123,"column":4}},{"start":{"line":123,"column":4},"end":{"line":123,"column":4}}]},"16":{"line":124,"type":"if","locations":[{"start":{"line":124,"column":4},"end":{"line":124,"column":4}},{"start":{"line":124,"column":4},"end":{"line":124,"column":4}}]},"17":{"line":125,"type":"if","locations":[{"start":{"line":125,"column":4},"end":{"line":125,"column":4}},{"start":{"line":125,"column":4},"end":{"line":125,"column":4}}]},"18":{"line":136,"type":"if","locations":[{"start":{"line":136,"column":4},"end":{"line":136,"column":4}},{"start":{"line":136,"column":4},"end":{"line":136,"column":4}}]},"19":{"line":141,"type":"if","locations":[{"start":{"line":141,"column":4},"end":{"line":141,"column":4}},{"start":{"line":141,"column":4},"end":{"line":141,"column":4}}]},"20":{"line":164,"type":"if","locations":[{"start":{"line":164,"column":8},"end":{"line":164,"column":8}},{"start":{"line":164,"column":8},"end":{"line":164,"column":8}}]},"21":{"line":166,"type":"if","locations":[{"start":{"line":166,"column":8},"end":{"line":166,"column":8}},{"start":{"line":166,"column":8},"end":{"line":166,"column":8}}]},"22":{"line":174,"type":"if","locations":[{"start":{"line":174,"column":8},"end":{"line":174,"column":8}},{"start":{"line":174,"column":8},"end":{"line":174,"column":8}}]},"23":{"line":175,"type":"if","locations":[{"start":{"line":175,"column":8},"end":{"line":175,"column":8}},{"start":{"line":175,"column":8},"end":{"line":175,"column":8}}]}}},"contracts\\test\\TestToken.sol":{"l":{"11":6,"15":7,"19":0},"path":"C:\\Users\\anderson\\simple-swap-project\\contracts\\test\\TestToken.sol","s":{"1":7,"2":0},"b":{"1":[7,0]},"f":{"1":6,"2":7,"3":0},"fnMap":{"1":{"name":"constructor","line":10,"loc":{"start":{"line":10,"column":4},"end":{"line":12,"column":4}}},"2":{"name":"mint","line":14,"loc":{"start":{"line":14,"column":4},"end":{"line":16,"column":4}}},"3":{"name":"decimals","line":18,"loc":{"start":{"line":18,"column":4},"end":{"line":20,"column":4}}}},"statementMap":{"1":{"start":{"line":15,"column":8},"end":{"line":15,"column":24}},"2":{"start":{"line":19,"column":8},"end":{"line":19,"column":24}}},"branchMap":{"1":{"line":14,"type":"if","locations":[{"start":{"line":14,"column":53},"end":{"line":14,"column":53}},{"start":{"line":14,"column":53},"end":{"line":14,"column":53}}]}}}}