TN:
SF:C:\Users\anderson\simple-swap-project\contracts\SimpleSwap.sol
FN:20,sortTokens
FN:26,getPoolId
FN:40,addLiquidity
FN:82,removeLiquidity
FN:122,swapExactTokensForTokens
FN:160,getPrice
FN:173,getAmountOut
FNF:7
FNH:7
FNDA:13,sortTokens
FNDA:7,getPoolId
FNDA:3,addLiquidity
FNDA:1,removeLiquidity
FNDA:1,swapExactTokensForTokens
FNDA:1,getPrice
FNDA:1,getAmountOut
DA:21,13
DA:22,13
DA:23,13
DA:27,7
DA:28,7
DA:41,3
DA:42,3
DA:44,3
DA:45,3
DA:47,3
DA:48,3
DA:50,3
DA:51,3
DA:53,0
DA:59,3
DA:60,3
DA:61,3
DA:63,0
DA:64,0
DA:67,3
DA:68,3
DA:70,3
DA:83,1
DA:85,1
DA:86,1
DA:87,1
DA:88,1
DA:90,1
DA:91,1
DA:93,1
DA:94,1
DA:96,1
DA:98,1
DA:99,1
DA:100,1
DA:101,1
DA:103,1
DA:104,1
DA:105,1
DA:107,0
DA:108,0
DA:111,1
DA:123,1
DA:124,1
DA:125,1
DA:127,1
DA:128,1
DA:130,1
DA:136,1
DA:138,1
DA:139,1
DA:141,1
DA:142,1
DA:143,1
DA:145,0
DA:146,0
DA:149,1
DA:151,1
DA:152,1
DA:153,1
DA:155,1
DA:161,1
DA:162,1
DA:163,1
DA:164,1
DA:166,1
DA:167,1
DA:169,0
DA:174,1
DA:175,1
DA:177,1
DA:178,1
DA:179,1
DA:180,1
LF:74
LH:66
BRDA:21,1,0,13
BRDA:21,1,1,0
BRDA:22,2,0,13
BRDA:22,2,1,0
BRDA:23,3,0,13
BRDA:23,3,1,0
BRDA:40,4,0,3
BRDA:40,4,1,0
BRDA:41,5,0,3
BRDA:41,5,1,0
BRDA:42,6,0,3
BRDA:42,6,1,0
BRDA:50,7,0,3
BRDA:50,7,1,0
BRDA:59,8,0,3
BRDA:59,8,1,0
BRDA:82,9,0,1
BRDA:82,9,1,0
BRDA:83,10,0,1
BRDA:83,10,1,0
BRDA:88,11,0,1
BRDA:88,11,1,0
BRDA:96,12,0,1
BRDA:96,12,1,0
BRDA:103,13,0,1
BRDA:103,13,1,0
BRDA:122,14,0,1
BRDA:122,14,1,0
BRDA:123,15,0,1
BRDA:123,15,1,0
BRDA:124,16,0,1
BRDA:124,16,1,0
BRDA:125,17,0,1
BRDA:125,17,1,0
BRDA:136,18,0,1
BRDA:136,18,1,0
BRDA:141,19,0,1
BRDA:141,19,1,0
BRDA:164,20,0,1
BRDA:164,20,1,0
BRDA:166,21,0,1
BRDA:166,21,1,0
BRDA:174,22,0,1
BRDA:174,22,1,0
BRDA:175,23,0,1
BRDA:175,23,1,0
BRF:46
BRH:23
end_of_record
TN:
SF:C:\Users\anderson\simple-swap-project\contracts\test\TestToken.sol
FN:10,constructor
FN:14,mint
FN:18,decimals
FNF:3
FNH:2
FNDA:6,constructor
FNDA:7,mint
FNDA:0,decimals
DA:11,6
DA:15,7
DA:19,0
LF:3
LH:2
BRDA:14,1,0,7
BRDA:14,1,1,0
BRF:2
BRH:1
end_of_record
